CookingShow/proguard/seeds.txt
com.cookingshow.navigation.NavigationItemView
com.cookingshow.navigation.NavigationItemView: NavigationItemView(android.content.Context,android.util.AttributeSet)
com.cookingshow.navigation.NavigationItemView: void setItemTitle(java.lang.String)
com.cookingshow.navigation.NavigationItemView: void setItemIcon(int)
com.cookingshow.navigation.NavigationItemView: void setOnNavigationItemListener(com.cookingshow.navigation.NavigationItemView$OnNavigationItemFocusListener)
com.cookingshow.navigation.SubNavigationItem
com.cookingshow.navigation.SubNavigationItem: SubNavigationItem(android.content.Context,android.util.AttributeSet)
com.cookingshow.navigation.SubNavigationItem: void setItemTitle(java.lang.String)
com.cookingshow.navigation.UserInfoNavigationItem
com.cookingshow.navigation.UserInfoNavigationItem: UserInfoNavigationItem(android.content.Context,android.util.AttributeSet)
com.cookingshow.navigation.UserInfoNavigationItem: void setItemTitle(java.lang.String)
com.cookingshow.navigation.UserInfoNavigationItem: void setSelected(boolean)
com.cookingshow.network.model.IData
com.cookingshow.network.model.IData: android.os.Parcelable$Creator CREATOR
com.cookingshow.network.model.NetworkImageView
com.cookingshow.network.model.NetworkImageView: NetworkImageView(android.content.Context)
com.cookingshow.network.model.NetworkImageView: NetworkImageView(android.content.Context,android.util.AttributeSet)
com.cookingshow.network.model.NetworkImageView: NetworkImageView(android.content.Context,android.util.AttributeSet,int)
com.cookingshow.network.model.NetworkImageView: void setDefaultImageResId(int)
com.cookingshow.network.model.NetworkImageView: void setErrorImageResId(int)
com.cookingshow.network.model.NetworkImageView: void setImageListener(com.android.volley.toolbox.ImageLoader$ImageListener)
com.cookingshow.push.AppShareImgActivity
com.cookingshow.push.AppShareImgActivity: AppShareImgActivity()
com.cookingshow.push.AppShareInfoActivity
com.cookingshow.push.AppShareInfoActivity: AppShareInfoActivity()
com.cookingshow.push.PushAlbumDetailActivity
com.cookingshow.push.PushAlbumDetailActivity: PushAlbumDetailActivity()
com.cookingshow.push.PushAppDetailActivity
com.cookingshow.push.PushAppDetailActivity: PushAppDetailActivity()
com.cookingshow.push.PushTicketActivity
com.cookingshow.push.PushTicketActivity: PushTicketActivity()
com.cookingshow.service.DataService
com.cookingshow.service.DataService: DataService()
com.cookingshow.service.provider.DataProvider
com.cookingshow.service.provider.DataProvider: DataProvider()
com.cookingshow.service.util.ConnectionManager$Status: com.cookingshow.service.util.ConnectionManager$Status[] values()
com.cookingshow.service.util.ConnectionManager$Status: com.cookingshow.service.util.ConnectionManager$Status valueOf(java.lang.String)
com.cookingshow.userinfo.UserInfoActivity
com.cookingshow.userinfo.UserInfoActivity: UserInfoActivity()
com.cookingshow.view.AdItemLayout
com.cookingshow.view.AdItemLayout: AdItemLayout(android.content.Context,android.util.AttributeSet,int)
com.cookingshow.view.AdItemLayout: AdItemLayout(android.content.Context,android.util.AttributeSet)
com.cookingshow.view.AdItemLayout: AdItemLayout(android.content.Context)
com.cookingshow.view.AdItemLayout: void setAdName(java.lang.String)
com.cookingshow.view.AdItemLayout: void setAdSubName(java.lang.String)
com.cookingshow.view.AdItemLayout: android.widget.ImageView getAdImageView()
com.cookingshow.view.AdItemLayout: void setAdOrderText(java.lang.String)
com.cookingshow.view.AdItemLayout: void setAdOrderTextColor(int)
com.cookingshow.view.AdItemLayout: void setAdOrderTextSize(float)
com.cookingshow.view.AdItemLayout: void setAdOderY(int)
com.cookingshow.view.AdItemLayout: void setAdOderBg(int)
com.cookingshow.view.AdRelativeLayout
com.cookingshow.view.AdRelativeLayout: AdRelativeLayout(android.content.Context,android.util.AttributeSet)