CookingShow/proguard/mapping.txt
com.cookingshow.recommend.SecondPageFragment$ItemOnClickListener -> com.cookingshow.f.c$a:
    com.cookingshow.recommend.SecondPageFragment this$0 -> a
    341:369:void onClick(android.view.View) -> onClick
com.cookingshow.recommend.SecondPageFragment$ItemOnFocusChangeListener -> com.cookingshow.f.c$b:
    com.cookingshow.recommend.SecondPageFragment this$0 -> a
    324:334:void onFocusChange(android.view.View,boolean) -> onFocusChange
com.cookingshow.service.BaseClient -> com.cookingshow.service.a:
    java.lang.String contentId -> a
    java.lang.String title -> b
    java.lang.String className -> c
    java.lang.String api -> d
    java.lang.String apiParam -> e
    int timer -> f
    android.content.Context context -> g
    com.cookingshow.service.util.ConnectionManager conManager -> h
    void refreshData(long) -> a
    void gatheringData() -> a
    void cancelGathering() -> b
    void setNetworkListener() -> c
    62:96:java.lang.String saveBitmap2file(android.graphics.Bitmap,java.lang.String,java.lang.String) -> a
    100:127:android.graphics.Bitmap getBitmapFromURL(java.lang.String) -> a
    131:132:void setContentId(java.lang.String) -> b
    135:136:void setTitle(java.lang.String) -> c
    139:140:void setClassName(java.lang.String) -> d
    143:144:void setApi(java.lang.String) -> e
    147:148:void setApiParam(java.lang.String) -> f
    151:152:void setTimer(int) -> a
    155:156:void setContext(android.content.Context) -> a
    159:160:void setConnectionManager(com.cookingshow.service.util.ConnectionManager) -> a
    175:175:java.lang.String getContentId() -> d
com.cookingshow.service.BootScreenClient -> com.cookingshow.service.b:
    int defautMsg -> i
    com.cookingshow.service.BootScreenClient$BootScreenTask task -> j
    android.os.HandlerThread handlerThread -> k
    android.os.Handler handler -> l
    33:40:void refreshData(long) -> a
    45:87:void gatheringData() -> a
    92:106:void cancelGathering() -> b
    109:113:void refreshData() -> e
    116:119:void stopRefreshData() -> f
    177:198:void storeData(com.cookingshow.service.data.BootScreenInfo) -> a
    201:203:void executeTransaction(com.cookingshow.service.data.BootScreenInfo) -> b
    208:231:void setNetworkListener() -> c
    176:176:void access$0(com.cookingshow.service.BootScreenClient,com.cookingshow.service.data.BootScreenInfo) -> a
    108:108:void access$1(com.cookingshow.service.BootScreenClient) -> a
    200:200:void access$2(com.cookingshow.service.BootScreenClient,com.cookingshow.service.data.BootScreenInfo) -> b
    25:25:com.cookingshow.service.BootScreenClient$BootScreenTask access$3(com.cookingshow.service.BootScreenClient) -> b
    25:25:void access$4(com.cookingshow.service.BootScreenClient,com.cookingshow.service.BootScreenClient$BootScreenTask) -> a
    115:115:void access$5(com.cookingshow.service.BootScreenClient) -> c
com.cookingshow.service.BootScreenClient$1 -> com.cookingshow.service.b$1:
    int nRetryCnt -> b
    com.cookingshow.service.BootScreenClient this$0 -> a
    52:85:void handleMessage(android.os.Message) -> handleMessage
    48:48:com.cookingshow.service.BootScreenClient access$0(com.cookingshow.service.BootScreenClient$1) -> a
com.cookingshow.service.BootScreenClient$1$1 -> com.cookingshow.service.b$1$1:
    com.cookingshow.service.BootScreenClient$1 this$1 -> a
    71:78:void onPostExecute(java.lang.Boolean) -> a
    1:1:void onPostExecute(java.lang.Object) -> onPostExecute
com.cookingshow.service.BootScreenClient$2 -> com.cookingshow.service.b$2:
    com.cookingshow.service.BootScreenClient this$0 -> a
    213:221:void onNetworkConnectionChanged(boolean) -> a
    226:228:void onNotifyNetworkSettingsError() -> a