CookingShow/proguard/usage.txt
android.support.v7.internal.view.menu.MenuItemWrapperICS:
    static final java.lang.String LOG_TAG
    308:310:public android.support.v4.internal.view.SupportMenuItem setSupportOnActionExpandListener(android.support.v4.view.MenuItemCompat$OnActionExpandListener)
android.support.v7.internal.view.menu.MenuItemWrapperICS$OnActionExpandListenerWrapper
android.support.v7.internal.view.menu.MenuPopupHelper:
    private static final java.lang.String TAG
    70:71:public MenuPopupHelper(android.content.Context,android.support.v7.internal.view.menu.MenuBuilder)
    74:75:public MenuPopupHelper(android.content.Context,android.support.v7.internal.view.menu.MenuBuilder,android.view.View)
    94:95:public void setAnchorView(android.view.View)
    102:105:public void show()
    217:217:public android.support.v7.internal.view.menu.MenuView getMenuView(android.view.ViewGroup)
    287:287:public int getId()
    292:292:public android.os.Parcelable onSaveInstanceState()
    297:297:public void onRestoreInstanceState(android.os.Parcelable)
android.support.v7.internal.view.menu.MenuPresenter:
    public abstract android.support.v7.internal.view.menu.MenuView getMenuView(android.view.ViewGroup)
    public abstract void setCallback(android.support.v7.internal.view.menu.MenuPresenter$Callback)
    public abstract int getId()
    public abstract android.os.Parcelable onSaveInstanceState()
    public abstract void onRestoreInstanceState(android.os.Parcelable)
android.support.v7.internal.view.menu.MenuView:
    public abstract int getWindowAnimations()
android.support.v7.internal.view.menu.MenuView$ItemView:
    public abstract void setTitle(java.lang.CharSequence)
    public abstract void setEnabled(boolean)
    public abstract void setCheckable(boolean)
    public abstract void setChecked(boolean)
    public abstract void setShortcut(boolean,char)
    public abstract void setIcon(android.graphics.drawable.Drawable)
    public abstract boolean showsIcon()
android.support.v7.internal.view.menu.MenuWrapperFactory:
    30:31:private MenuWrapperFactory()
    50:53:public static android.support.v4.internal.view.SupportMenu createSupportMenuWrapper(android.view.Menu)
android.support.v7.internal.view.menu.SubMenuBuilder:
    56:57:public void setShortcutsVisible(boolean)
android.support.v7.internal.view.menu.SubMenuWrapperICS:
    32:32:public android.view.SubMenu getWrappedObject()
    25:25:public bridge synthetic java.lang.Object getWrappedObject()
android.support.v7.internal.widget.AbsActionBarView:
    private static final int FADE_DURATION
    119:133:public void animateToVisibility(int)
android.support.v7.internal.widget.AbsSpinnerICS:
    private android.graphics.Rect mTouchFrame
    54:56:AbsSpinnerICS(android.content.Context)
    59:60:AbsSpinnerICS(android.content.Context,android.util.AttributeSet)
    254:257:public void setSelection(int,boolean)
    275:282:void setSelectionInt(int,boolean)
    abstract void layout(int,boolean)
    315:315:public int getCount()
    327:343:public int pointToPosition(int,int)
    34:34:public bridge synthetic void setAdapter(android.widget.Adapter)
android.support.v7.internal.widget.ActionBarContainer:
    243:243:public android.support.v7.view.ActionMode startActionModeForChild(android.view.View,android.support.v7.view.ActionMode$Callback)
android.support.v7.internal.widget.ActionBarContextView:
    private static final java.lang.String TAG
    194:238:public void initForMode(android.support.v7.view.ActionMode)
    241:245:public void closeMode()
    248:254:public void killMode()
    414:414:public boolean isTitleOptional()
    37:37:public bridge synthetic void animateToVisibility(int)
android.support.v7.internal.widget.ActionBarContextView$1